<?xml version="1.0" encoding="UTF-8"?>
<!-- Generated by org.testng.reporters.JUnitXMLReporter -->
<testsuite ignored="5" hostname="Harshitha" failures="0" tests="2" name="Test" time="0.08" errors="0" timestamp="2025-10-18T16:20:03 IST">
  <testcase classname="day4.GroupsDemo" name="test1" time="0.009"/>
  <testcase classname="day4.GroupsDemo" name="test4" time="0.001"/>
  <testcase classname="day4.GroupsDemo" name="test7" time="0.0">
    <ignored/>
  </testcase> <!-- test7 -->
  <testcase classname="day4.GroupsDemo" name="test6" time="0.0">
    <ignored/>
  </testcase> <!-- test6 -->
  <testcase classname="day4.GroupsDemo" name="test3" time="0.0">
    <ignored/>
  </testcase> <!-- test3 -->
  <testcase classname="day4.GroupsDemo" name="test2" time="0.0">
    <ignored/>
  </testcase> <!-- test2 -->
  <testcase classname="day4.GroupsDemo" name="test5" time="0.0">
    <ignored/>
  </testcase> <!-- test5 -->
</testsuite> <!-- Test -->
