<?xml version="1.0" encoding="UTF-8"?>
<testng-results ignored="5" total="7" passed="2" failed="0" skipped="0">
  <reporter-output>
  </reporter-output>
  <suite started-at="2025-10-18T16:20:03 IST" name="Suite" finished-at="2025-10-18T16:20:03 IST" duration-ms="80">
    <groups>
      <group name="linux.Regression">
        <method signature="GroupsDemo.test4()[pri:0, instance:day4.GroupsDemo@7b227d8d]" name="test4" class="day4.GroupsDemo"/>
      </group> <!-- linux.Regression -->
      <group name="windows.Smoke">
        <method signature="GroupsDemo.test1()[pri:0, instance:day4.GroupsDemo@7b227d8d]" name="test1" class="day4.GroupsDemo"/>
      </group> <!-- windows.Smoke -->
    </groups>
    <test started-at="2025-10-18T16:20:03 IST" name="Test" finished-at="2025-10-18T16:20:03 IST" duration-ms="80">
      <class name="day4.GroupsDemo">
        <test-method signature="test1()[pri:0, instance:day4.GroupsDemo@7b227d8d]" started-at="2025-10-18T16:20:03 IST" name="test1" finished-at="2025-10-18T16:20:03 IST" duration-ms="9" status="PASS">
          <reporter-output>
          </reporter-output>
        </test-method> <!-- test1 -->
        <test-method signature="test4()[pri:0, instance:day4.GroupsDemo@7b227d8d]" started-at="2025-10-18T16:20:03 IST" name="test4" finished-at="2025-10-18T16:20:03 IST" duration-ms="1" status="PASS">
          <reporter-output>
          </reporter-output>
        </test-method> <!-- test4 -->
      </class> <!-- day4.GroupsDemo -->
    </test> <!-- Test -->
  </suite> <!-- Suite -->
</testng-results>
