<?xml version="1.0" encoding="UTF-8"?>
<testng-results ignored="0" total="7" passed="7" failed="0" skipped="0">
  <reporter-output>
  </reporter-output>
  <suite started-at="2025-10-17T21:29:12 IST" name="Default suite" finished-at="2025-10-17T21:29:12 IST" duration-ms="178">
    <groups>
      <group name="Sanity">
        <method signature="GroupsDemo.test2()[pri:0, instance:day4.GroupsDemo@481a996b]" name="test2" class="day4.GroupsDemo"/>
        <method signature="GroupsDemo.test3()[pri:0, instance:day4.GroupsDemo@481a996b]" name="test3" class="day4.GroupsDemo"/>
        <method signature="GroupsDemo.test5()[pri:0, instance:day4.GroupsDemo@481a996b]" name="test5" class="day4.GroupsDemo"/>
        <method signature="GroupsDemo.test7()[pri:0, instance:day4.GroupsDemo@481a996b]" name="test7" class="day4.GroupsDemo"/>
      </group> <!-- Sanity -->
      <group name="linux.Regression">
        <method signature="GroupsDemo.test4()[pri:0, instance:day4.GroupsDemo@481a996b]" name="test4" class="day4.GroupsDemo"/>
      </group> <!-- linux.Regression -->
      <group name="windows.Smoke">
        <method signature="GroupsDemo.test1()[pri:0, instance:day4.GroupsDemo@481a996b]" name="test1" class="day4.GroupsDemo"/>
      </group> <!-- windows.Smoke -->
      <group name="Regression">
        <method signature="GroupsDemo.test5()[pri:0, instance:day4.GroupsDemo@481a996b]" name="test5" class="day4.GroupsDemo"/>
        <method signature="GroupsDemo.test6()[pri:0, instance:day4.GroupsDemo@481a996b]" name="test6" class="day4.GroupsDemo"/>
        <method signature="GroupsDemo.test7()[pri:0, instance:day4.GroupsDemo@481a996b]" name="test7" class="day4.GroupsDemo"/>
      </group> <!-- Regression -->
      <group name="Smoke">
        <method signature="GroupsDemo.test2()[pri:0, instance:day4.GroupsDemo@481a996b]" name="test2" class="day4.GroupsDemo"/>
        <method signature="GroupsDemo.test6()[pri:0, instance:day4.GroupsDemo@481a996b]" name="test6" class="day4.GroupsDemo"/>
        <method signature="GroupsDemo.test7()[pri:0, instance:day4.GroupsDemo@481a996b]" name="test7" class="day4.GroupsDemo"/>
      </group> <!-- Smoke -->
    </groups>
    <test started-at="2025-10-17T21:29:12 IST" name="Default test" finished-at="2025-10-17T21:29:12 IST" duration-ms="178">
      <class name="day4.GroupsDemo">
        <test-method signature="test1()[pri:0, instance:day4.GroupsDemo@481a996b]" started-at="2025-10-17T21:29:12 IST" name="test1" finished-at="2025-10-17T21:29:12 IST" duration-ms="30" status="PASS">
          <reporter-output>
          </reporter-output>
        </test-method> <!-- test1 -->
        <test-method signature="test2()[pri:0, instance:day4.GroupsDemo@481a996b]" started-at="2025-10-17T21:29:12 IST" name="test2" finished-at="2025-10-17T21:29:12 IST" duration-ms="2" status="PASS">
          <reporter-output>
          </reporter-output>
        </test-method> <!-- test2 -->
        <test-method signature="test3()[pri:0, instance:day4.GroupsDemo@481a996b]" started-at="2025-10-17T21:29:12 IST" name="test3" finished-at="2025-10-17T21:29:12 IST" duration-ms="3" status="PASS">
          <reporter-output>
          </reporter-output>
        </test-method> <!-- test3 -->
        <test-method signature="test4()[pri:0, instance:day4.GroupsDemo@481a996b]" started-at="2025-10-17T21:29:12 IST" name="test4" finished-at="2025-10-17T21:29:12 IST" duration-ms="1" status="PASS">
          <reporter-output>
          </reporter-output>
        </test-method> <!-- test4 -->
        <test-method signature="test5()[pri:0, instance:day4.GroupsDemo@481a996b]" started-at="2025-10-17T21:29:12 IST" name="test5" finished-at="2025-10-17T21:29:12 IST" duration-ms="3" status="PASS">
          <reporter-output>
          </reporter-output>
        </test-method> <!-- test5 -->
        <test-method signature="test6()[pri:0, instance:day4.GroupsDemo@481a996b]" started-at="2025-10-17T21:29:12 IST" name="test6" finished-at="2025-10-17T21:29:12 IST" duration-ms="4" status="PASS">
          <reporter-output>
          </reporter-output>
        </test-method> <!-- test6 -->
        <test-method signature="test7()[pri:0, instance:day4.GroupsDemo@481a996b]" started-at="2025-10-17T21:29:12 IST" name="test7" finished-at="2025-10-17T21:29:12 IST" duration-ms="2" status="PASS">
          <reporter-output>
          </reporter-output>
        </test-method> <!-- test7 -->
      </class> <!-- day4.GroupsDemo -->
    </test> <!-- Default test -->
  </suite> <!-- Default suite -->
</testng-results>
