<?xml version="1.0" encoding="UTF-8"?>
<!-- Generated by org.testng.reporters.JUnitReportReporter -->
<testsuite hostname="Harshitha" failures="0" tests="7" name="day4.GroupsDemo" time="0.045" errors="0" timestamp="2025-10-17T21:29:12 IST" skipped="0">
  <testcase classname="day4.GroupsDemo" name="test6" time="0.004"/>
  <testcase classname="day4.GroupsDemo" name="test3" time="0.003"/>
  <testcase classname="day4.GroupsDemo" name="test2" time="0.002"/>
  <testcase classname="day4.GroupsDemo" name="test4" time="0.001"/>
  <testcase classname="day4.GroupsDemo" name="test1" time="0.030"/>
  <testcase classname="day4.GroupsDemo" name="test7" time="0.002"/>
  <testcase classname="day4.GroupsDemo" name="test5" time="0.003"/>
</testsuite> <!-- day4.GroupsDemo -->
