<?xml version="1.0" encoding="UTF-8"?>
<!-- Generated by org.testng.reporters.JUnitReportReporter -->
<testsuite hostname="Harshitha" failures="0" tests="3" name="day3.DataProviderDemo" time="23.482" errors="0" timestamp="2025-10-10T08:59:36 IST" skipped="0">
  <testcase classname="day3.DataProviderDemo" name="searchMobile" time="7.709"/>
  <testcase classname="day3.DataProviderDemo" name="searchMobile" time="8.454"/>
  <testcase classname="day3.DataProviderDemo" name="searchMobile" time="7.319"/>
</testsuite> <!-- day3.DataProviderDemo -->
